[2018-05-01 18:39:27] [vinegar] /home/weixin/.vimrc.bundles
[2018-05-01 18:42:45] [vinegar] /unsullied/sharefs/weixin/wxdataset/vim/bundles.vim
[2018-05-02 12:59:34] [vinegar] /unsullied/sharefs/weixin/wxdataset/vivotof/tof.fine-tune-from-czw0409/train.sh
[2018-05-02 12:59:38] [vinegar] /unsullied/sharefs/weixin/wxdataset/vivotof/tof.fine-tune-from-czw0409/train.sh
[2018-05-02 13:01:01] [vinegar] /unsullied/sharefs/weixin/wxdataset/vivotof/tof.fine-tune-from-czw0409/run.py
[2018-05-02 13:01:06] [vinegar] /unsullied/sharefs/weixin/wxdataset/vivotof/tof.fine-tune-from-czw0409/train.sh
[2018-05-02 13:01:14] [vinegar] /unsullied/sharefs/weixin/wxdataset/vivotof/tof.fine-tune-from-czw0409/train.py
[2018-05-02 13:01:23] [vinegar] /unsullied/sharefs/weixin/wxdataset/vivotof/tof.fine-tune-from-czw0409/serve_dataset.sh
[2018-05-02 13:01:34] [vinegar] /unsullied/sharefs/weixin/wxdataset/vivotof/tof.fine-tune-from-czw0409/data/serve_dataset.sh
[2018-05-02 13:01:41] [vinegar] /unsullied/sharefs/weixin/wxdataset/vivotof/tof.fine-tune-from-czw0409/data/run.py
[2018-05-02 13:02:23] [vinegar] /unsullied/sharefs/weixin/wxdataset/vivotof/tof.fine-tune-from-czw0409/data/qua.py
[2018-05-02 13:17:43] [vinegar] /unsullied/sharefs/weixin/wxdataset/vivotof/tof.fine-tune-from-czw0409/data/augmentor_fast.py
[2018-05-02 13:18:24] [vinegar] /unsullied/sharefs/weixin/wxdataset/vivotof/tof.fine-tune-from-czw0409/model.py
[2018-05-02 13:21:51] [vinegar] /unsullied/sharefs/weixin/wxdataset/vivotof/tof.fine-tune-from-czw0409/train_and_distill.py
[2018-05-02 13:39:58] [vinegar] /unsullied/sharefs/weixin/wxdataset/vivotof/tof.fine-tune-from-czw0409/data/augmentor_fast.py
[2018-05-02 15:06:24] [vinegar] /unsullied/sharefs/chenziwei/isilon-home/codes/tmp/toolbox/toolboxv2/toolbox/samples/mechanic/image/common.py
[2018-05-02 16:24:40] [vinegar] /unsullied/sharefs/weixin/wxdataset/vivotof/tof.fine-tune-from-czw0409/run_test.py
[2018-05-02 16:55:54] [vinegar] /unsullied/sharefs/weixin/Isilon-modelshare/FaceRecognition/toolbox/toolboxv2/toolbox/samples/mechanic/image/05_release.py
[2018-05-02 17:08:02] [vinegar] /unsullied/sharefs/weixin/wxdataset/projects/facerec_threshold_tool/run_threshold_tool.py
[2018-05-02 17:23:53] [vinegar] /unsullied/sharefs/weixin/wxdataset/vivotof/tof.fine-tune-from-czw0409/data/qua.py
[2018-05-02 17:24:26] [vinegar] /unsullied/sharefs/weixin/wxdataset/vivotof/tof.fine-tune-from-czw0409/data/qua.py
[2018-05-02 19:41:52] [vinegar] /unsullied/sharefs/weixin/wxdataset/projects/facerec_threshold_tool/run_threshold_tool.py
[2018-05-02 23:00:08] [vinegar] /unsullied/sharefs/weixin/wxdataset/vivotof/tof.fine-tune-from-zxy0418-tof316_415/run_offline_tester.sh
[2018-05-02 23:00:31] [vinegar] /unsullied/sharefs/weixin/wxdataset/vivotof/tof.fine-tune-from-zxy0418-tof316_415/run_test.py
[2018-05-03 01:24:47] [vinegar] /unsullied/sharefs/weixin/wxdataset/vivotof/tof.fine-tune-from-zxy0418-tof316_415/run_offline_tester.sh
[2018-05-03 01:25:00] [vinegar] /unsullied/sharefs/weixin/wxdataset/vivotof/tof.fine-tune-from-zxy0418-tof316_415/run_test.py
[2018-05-03 10:57:20] [vinegar] /unsullied/sharefs/weixin/wxdataset/vivotof/tof.fine-tune-from-zxy0418-tof316_415/test.py
[2018-05-03 10:57:30] [vinegar] /unsullied/sharefs/weixin/wxdataset/vivotof/tof.fine-tune-from-zxy0418-tof316_415/test.py
[2018-05-03 13:34:01] [vinegar] /unsullied/sharefs/weixin/Isilon-modelshare/FaceRecognition/toolbox/toolboxv2/toolbox/samples/mechanic/image/05_release.py
[2018-05-03 16:29:35] [vinegar] /unsullied/sharefs/weixin/wxdataset/vivotof/tof.fine-tune-from-czw0409/data/serve_dataset.sh
[2018-05-03 16:29:45] [vinegar] /unsullied/sharefs/weixin/wxdataset/vivotof/tof.fine-tune-from-czw0409/data/serve_dataset.sh
[2018-05-03 16:30:02] [vinegar] /unsullied/sharefs/weixin/wxdataset/vivotof/tof.fine-tune-from-czw0409/data/run.py
[2018-05-03 16:30:05] [vinegar] /unsullied/sharefs/weixin/wxdataset/vivotof/tof.fine-tune-from-czw0409/data/serve_dataset.sh
[2018-05-03 16:42:19] [vinegar] /unsullied/sharefs/weixin/wxdataset/vivotof/tof.fine-tune-from-czw0409/data/qua.py
[2018-05-03 21:03:36] [vinegar] /unsullied/sharefs/weixin/Isilon-datashare/datasets/common.py
[2018-05-03 21:03:45] [vinegar] /unsullied/sharefs/weixin/Isilon-datashare/datasets/05_release.py
[2018-05-03 21:56:26] [vinegar] /unsullied/sharefs/weixin/Isilon-modelshare/FaceRecognition/weixin/mobile-2018Q1/tof.addtof0415.fine-tune-from-czw0409/train_and_distill.py
