

times in msec
 clock   self+sourced   self:  sourced script
 clock   elapsed:              other lines

000.013  000.013: --- VIM STARTING ---
000.121  000.108: Allocated generic buffers
001.050  000.929: locale set
001.074  000.024: GUI prepared
001.076  000.002: clipboard setup
001.083  000.007: window checked
001.903  000.820: inits 1
001.938  000.035: parsing arguments
001.939  000.001: expanding arguments
001.967  000.028: shell init
002.354  000.387: Termcap init
002.390  000.036: inits 2
002.546  000.156: init highlight
008.402  001.619  001.619: sourcing /usr/share/vim/vim81/syntax/syncolor.vim
008.663  002.544  000.925: sourcing /usr/share/vim/vim81/syntax/synload.vim
015.897  006.696  006.696: sourcing /usr/share/vim/vim81/filetype.vim
016.004  010.568  001.328: sourcing /usr/share/vim/vim81/syntax/syntax.vim
018.929  000.555  000.555: sourcing /usr/share/vim/vim81/ftoff.vim
022.297  001.990  001.990: sourcing /home/weixin/.vim/autoload/plug.vim
040.795  000.093  000.093: sourcing /home/weixin/.vim/bundle/ultisnips/ftdetect/snippets.vim
041.866  008.992  008.899: sourcing /usr/share/vim/vim81/filetype.vim
043.363  000.054  000.054: sourcing /usr/share/vim/vim81/ftplugin.vim
044.819  000.045  000.045: sourcing /usr/share/vim/vim81/indent.vim
045.912  028.613  016.977: sourcing /home/weixin/.vimrc.bundles
047.165  000.049  000.049: sourcing /usr/share/vim/vim81/filetype.vim
048.451  000.018  000.018: sourcing /usr/share/vim/vim81/ftplugin.vim
049.695  000.017  000.017: sourcing /usr/share/vim/vim81/indent.vim
051.115  000.026  000.026: sourcing /usr/share/vim/vim81/filetype.vim
052.394  000.022  000.022: sourcing /usr/share/vim/vim81/filetype.vim
053.651  000.017  000.017: sourcing /usr/share/vim/vim81/indent.vim
055.004  000.023  000.023: sourcing /usr/share/vim/vim81/filetype.vim
056.464  000.016  000.016: sourcing /usr/share/vim/vim81/ftplugin.vim
058.009  000.022  000.022: sourcing /usr/share/vim/vim81/filetype.vim
059.403  000.018  000.018: sourcing /usr/share/vim/vim81/ftplugin.vim
060.678  000.016  000.016: sourcing /usr/share/vim/vim81/indent.vim
063.252  000.196  000.196: sourcing /usr/share/vim/vim81/syntax/syncolor.vim
066.822  000.185  000.185: sourcing /usr/share/vim/vim81/syntax/syncolor.vim
068.388  000.182  000.182: sourcing /usr/share/vim/vim81/syntax/syncolor.vim
070.743  006.066  005.699: sourcing /home/weixin/.vim/bundle/vim-colors-solarized/colors/solarized.vim
071.205  066.492  020.805: sourcing $HOME/.vimrc
071.224  002.186: sourcing vimrc file(s)
074.696  000.636  000.636: sourcing /home/weixin/.vim/plugin/clang_complete.vim
076.131  000.154  000.154: sourcing /home/weixin/.vim/bundle/vim-preview/plugin/preview.vim
078.374  000.914  000.914: sourcing /home/weixin/.vim/bundle/errormarker.vim/plugin/errormarker.vim
079.681  000.176  000.176: sourcing /home/weixin/.vim/bundle/echodoc.vim/plugin/echodoc.vim
083.736  002.956  002.956: sourcing /home/weixin/.vim/bundle/fencview/plugin/fencview.vim
086.180  001.188  001.188: sourcing /home/weixin/.vim/bundle/asyncrun.vim/plugin/asyncrun.vim
087.700  000.289  000.289: sourcing /home/weixin/.vim/bundle/vim-autoformat/plugin/autoformat.vim
089.405  001.164  001.164: sourcing /home/weixin/.vim/bundle/vim-autoformat/plugin/defaults.vim
090.047  000.076  000.076: sourcing /home/weixin/.vim/bundle/vim-autoformat/plugin/utils.vim
092.323  000.128  000.128: sourcing /home/weixin/.vim/bundle/ultisnips/autoload/UltiSnips/map_keys.vim
092.451  001.308  001.180: sourcing /home/weixin/.vim/bundle/ultisnips/plugin/UltiSnips.vim
093.645  000.060  000.060: sourcing /home/weixin/.vim/bundle/vim-snippets/plugin/vimsnippets.vim
095.218  000.348  000.348: sourcing /home/weixin/.vim/bundle/YouCompleteMe/plugin/youcompleteme.vim
098.357  000.527  000.527: sourcing /home/weixin/.vim/bundle/delimitMate/autoload/delimitMate.vim
101.137  004.725  004.198: sourcing /home/weixin/.vim/bundle/delimitMate/plugin/delimitMate.vim
107.469  004.878  004.878: sourcing /home/weixin/.vim/bundle/nerdcommenter/plugin/NERD_commenter.vim
109.538  000.631  000.631: sourcing /home/weixin/.vim/bundle/vim-surround/plugin/surround.vim
110.810  000.144  000.144: sourcing /home/weixin/.vim/bundle/vim-trailing-whitespace/plugin/trailing-whitespace.vim
112.286  000.262  000.262: sourcing /home/weixin/.vim/bundle/vim-easy-align/plugin/easy_align.vim
119.238  005.800  005.800: sourcing /home/weixin/.vim/bundle/vim-easymotion/plugin/EasyMotion.vim
121.605  000.790  000.790: sourcing /home/weixin/.vim/bundle/quick-scope/plugin/quick_scope.vim
123.807  000.744  000.744: sourcing /home/weixin/.vim/bundle/matchit.zip/plugin/matchit.vim
127.721  000.203  000.203: sourcing /home/weixin/.vim/bundle/vim-signature/autoload/signature/utils.vim
128.883  002.716  002.513: sourcing /home/weixin/.vim/bundle/vim-signature/plugin/signature.vim
131.907  000.316  000.316: sourcing /home/weixin/.vim/bundle/vim-expand-region/autoload/expand_region.vim
132.087  001.849  001.533: sourcing /home/weixin/.vim/bundle/vim-expand-region/plugin/expand_region.vim
133.670  000.341  000.341: sourcing /home/weixin/.vim/bundle/vim-multiple-cursors/plugin/multiple_cursors.vim
135.763  000.822  000.822: sourcing /home/weixin/.vim/bundle/LeaderF/plugin/leaderf.vim
137.286  000.149  000.149: sourcing /home/weixin/.vim/bundle/ag.vim/plugin/ag.vim
139.278  000.527  000.527: sourcing /home/weixin/.vim/bundle/eleline.vim/plugin/eleline.vim
140.577  000.103  000.103: sourcing /home/weixin/.vim/bundle/rainbow_parentheses.vim/plugin/rainbow_parentheses.vim
144.647  000.580  000.580: sourcing /home/weixin/.vim/bundle/vim-textobj-user/autoload/textobj/user.vim
147.239  004.723  004.143: sourcing /home/weixin/.vim/bundle/vim-textobj-line/plugin/textobj/line.vim
150.574  001.601  001.601: sourcing /home/weixin/.vim/bundle/vim-textobj-entire/plugin/textobj/entire.vim
155.590  002.878  002.878: sourcing /home/weixin/.vim/bundle/vim-textobj-indent/plugin/textobj/indent.vim
157.645  000.550  000.550: sourcing /home/weixin/.vim/bundle/vim-tmux-navigator/plugin/tmux_navigator.vim
236.984  077.792  077.792: sourcing /home/weixin/.vim/bundle/vim-isort/plugin/python_vimisort.vim
238.375  000.129  000.129: sourcing /usr/share/vim/vim81/plugin/getscriptPlugin.vim
239.273  000.422  000.422: sourcing /usr/share/vim/vim81/plugin/gzip.vim
240.040  000.280  000.280: sourcing /usr/share/vim/vim81/plugin/logiPat.vim
240.497  000.043  000.043: sourcing /usr/share/vim/vim81/plugin/manpager.vim
241.186  000.207  000.207: sourcing /usr/share/vim/vim81/plugin/matchparen.vim
242.271  000.756  000.756: sourcing /usr/share/vim/vim81/plugin/netrwPlugin.vim
242.714  000.055  000.055: sourcing /usr/share/vim/vim81/plugin/rrhelper.vim
243.099  000.053  000.053: sourcing /usr/share/vim/vim81/plugin/spellfile.vim
243.650  000.204  000.204: sourcing /usr/share/vim/vim81/plugin/tarPlugin.vim
244.125  000.119  000.119: sourcing /usr/share/vim/vim81/plugin/tohtml.vim
244.694  000.222  000.222: sourcing /usr/share/vim/vim81/plugin/vimballPlugin.vim
245.253  000.230  000.230: sourcing /usr/share/vim/vim81/plugin/zipPlugin.vim
245.262  050.024: loading plugins
245.567  000.305: loading packages
247.157  000.228  000.228: sourcing /home/weixin/.vim/bundle/ultisnips/after/plugin/UltiSnips_after.vim
248.415  000.107  000.107: sourcing /home/weixin/.vim/bundle/vim-signature/after/plugin/signature.vim
248.492  002.590: loading after plugins
248.513  000.021: inits 3
251.336  000.599  000.599: sourcing /home/weixin/.vim/bundle/LeaderF/autoload/lfMru.vim
251.870  002.758: reading viminfo
692.434  440.564: setup clipboard
692.458  000.024: setting raw mode
692.478  000.020: start termcap
692.513  000.035: clearing screen
694.728  002.215: opening buffers
700.670  000.451  000.451: sourcing /home/weixin/.vim/bundle/vim-signature/autoload/signature/sign.vim
704.105  000.423  000.423: sourcing /home/weixin/.vim/bundle/vim-signature/autoload/signature/mark.vim
707.878  012.276: BufEnter autocommands
707.881  000.003: editing files in windows
709.842  000.293  000.293: sourcing /home/weixin/.vim/bundle/rainbow_parentheses.vim/autoload/rainbow_parentheses.vim
712.643  000.880  000.880: sourcing /home/weixin/.vim/bundle/YouCompleteMe/autoload/youcompleteme.vim
927.908  218.854: VimEnter autocommands
927.916  000.008: before starting main loop
929.370  001.454: first screen update
929.372  000.002: --- VIM STARTED ---


times in msec
 clock   self+sourced   self:  sourced script
 clock   elapsed:              other lines

000.014  000.014: --- VIM STARTING ---
000.122  000.108: Allocated generic buffers
001.203  001.081: locale set
001.221  000.018: GUI prepared
001.222  000.001: clipboard setup
001.228  000.006: window checked
001.938  000.710: inits 1
002.013  000.075: parsing arguments
002.015  000.002: expanding arguments
002.033  000.018: shell init
003.025  000.992: Termcap init
003.059  000.034: inits 2
003.216  000.157: init highlight
010.990  001.325  001.325: sourcing /usr/share/vim/vim81/syntax/syncolor.vim
011.323  002.370  001.045: sourcing /usr/share/vim/vim81/syntax/synload.vim
019.776  007.146  007.146: sourcing /usr/share/vim/vim81/filetype.vim
019.968  012.099  002.583: sourcing /usr/share/vim/vim81/syntax/syntax.vim
022.761  000.624  000.624: sourcing /usr/share/vim/vim81/ftoff.vim
026.223  001.958  001.958: sourcing /home/weixin/.vim/autoload/plug.vim
059.667  000.131  000.131: sourcing /home/weixin/.vim/bundle/ultisnips/ftdetect/snippets.vim
060.858  011.585  011.454: sourcing /usr/share/vim/vim81/filetype.vim
062.807  000.071  000.071: sourcing /usr/share/vim/vim81/ftplugin.vim
064.643  000.069  000.069: sourcing /usr/share/vim/vim81/indent.vim
066.800  045.734  031.427: sourcing /home/weixin/.vimrc.bundles
068.516  000.088  000.088: sourcing /usr/share/vim/vim81/filetype.vim
069.993  000.029  000.029: sourcing /usr/share/vim/vim81/ftplugin.vim
071.645  000.032  000.032: sourcing /usr/share/vim/vim81/indent.vim
073.524  000.052  000.052: sourcing /usr/share/vim/vim81/filetype.vim
075.257  000.064  000.064: sourcing /usr/share/vim/vim81/filetype.vim
077.199  000.030  000.030: sourcing /usr/share/vim/vim81/indent.vim
079.448  000.055  000.055: sourcing /usr/share/vim/vim81/filetype.vim
081.231  000.038  000.038: sourcing /usr/share/vim/vim81/ftplugin.vim
083.427  000.037  000.037: sourcing /usr/share/vim/vim81/filetype.vim
085.985  000.034  000.034: sourcing /usr/share/vim/vim81/ftplugin.vim
087.994  000.036  000.036: sourcing /usr/share/vim/vim81/indent.vim
091.294  000.222  000.222: sourcing /usr/share/vim/vim81/syntax/syncolor.vim
097.837  000.240  000.240: sourcing /usr/share/vim/vim81/syntax/syncolor.vim
099.761  000.200  000.200: sourcing /usr/share/vim/vim81/syntax/syncolor.vim
102.519  007.407  006.967: sourcing /home/weixin/.vim/bundle/vim-colors-solarized/colors/solarized.vim
103.065  096.668  030.711: sourcing $HOME/.vimrc
103.086  003.202: sourcing vimrc file(s)
107.752  000.608  000.608: sourcing /home/weixin/.vim/plugin/clang_complete.vim
111.663  000.155  000.155: sourcing /home/weixin/.vim/bundle/vim-preview/plugin/preview.vim
130.837  003.808  003.808: sourcing /home/weixin/.vim/bundle/errormarker.vim/plugin/errormarker.vim
133.379  000.223  000.223: sourcing /home/weixin/.vim/bundle/echodoc.vim/plugin/echodoc.vim
140.376  003.320  003.320: sourcing /home/weixin/.vim/bundle/fencview/plugin/fencview.vim
145.372  001.314  001.314: sourcing /home/weixin/.vim/bundle/asyncrun.vim/plugin/asyncrun.vim
150.524  000.337  000.337: sourcing /home/weixin/.vim/bundle/vim-autoformat/plugin/autoformat.vim
152.822  001.499  001.499: sourcing /home/weixin/.vim/bundle/vim-autoformat/plugin/defaults.vim
153.544  000.084  000.084: sourcing /home/weixin/.vim/bundle/vim-autoformat/plugin/utils.vim
158.401  000.174  000.174: sourcing /home/weixin/.vim/bundle/ultisnips/autoload/UltiSnips/map_keys.vim
158.540  002.524  002.350: sourcing /home/weixin/.vim/bundle/ultisnips/plugin/UltiSnips.vim
160.753  000.066  000.066: sourcing /home/weixin/.vim/bundle/vim-snippets/plugin/vimsnippets.vim
163.884  000.368  000.368: sourcing /home/weixin/.vim/bundle/YouCompleteMe/plugin/youcompleteme.vim
171.937  000.681  000.681: sourcing /home/weixin/.vim/bundle/delimitMate/autoload/delimitMate.vim
175.733  008.555  007.874: sourcing /home/weixin/.vim/bundle/delimitMate/plugin/delimitMate.vim
186.186  005.725  005.725: sourcing /home/weixin/.vim/bundle/nerdcommenter/plugin/NERD_commenter.vim
191.535  000.825  000.825: sourcing /home/weixin/.vim/bundle/vim-surround/plugin/surround.vim
195.011  000.204  000.204: sourcing /home/weixin/.vim/bundle/vim-trailing-whitespace/plugin/trailing-whitespace.vim
202.395  000.398  000.398: sourcing /home/weixin/.vim/bundle/vim-easy-align/plugin/easy_align.vim
212.065  006.879  006.879: sourcing /home/weixin/.vim/bundle/vim-easymotion/plugin/EasyMotion.vim
216.150  001.055  001.055: sourcing /home/weixin/.vim/bundle/quick-scope/plugin/quick_scope.vim
220.355  000.718  000.718: sourcing /home/weixin/.vim/bundle/matchit.zip/plugin/matchit.vim
227.857  000.323  000.323: sourcing /home/weixin/.vim/bundle/vim-signature/autoload/signature/utils.vim
229.514  005.316  004.993: sourcing /home/weixin/.vim/bundle/vim-signature/plugin/signature.vim
236.805  000.379  000.379: sourcing /home/weixin/.vim/bundle/vim-expand-region/autoload/expand_region.vim
237.013  003.643  003.264: sourcing /home/weixin/.vim/bundle/vim-expand-region/plugin/expand_region.vim
240.875  000.353  000.353: sourcing /home/weixin/.vim/bundle/vim-multiple-cursors/plugin/multiple_cursors.vim
244.597  000.926  000.926: sourcing /home/weixin/.vim/bundle/LeaderF/plugin/leaderf.vim
247.791  000.137  000.137: sourcing /home/weixin/.vim/bundle/ag.vim/plugin/ag.vim
251.413  000.781  000.781: sourcing /home/weixin/.vim/bundle/eleline.vim/plugin/eleline.vim
262.161  000.164  000.164: sourcing /home/weixin/.vim/bundle/rainbow_parentheses.vim/plugin/rainbow_parentheses.vim
272.276  000.786  000.786: sourcing /home/weixin/.vim/bundle/vim-textobj-user/autoload/textobj/user.vim
274.568  007.046  006.260: sourcing /home/weixin/.vim/bundle/vim-textobj-line/plugin/textobj/line.vim
281.376  001.921  001.921: sourcing /home/weixin/.vim/bundle/vim-textobj-entire/plugin/textobj/entire.vim
289.150  003.148  003.148: sourcing /home/weixin/.vim/bundle/vim-textobj-indent/plugin/textobj/indent.vim
293.163  000.651  000.651: sourcing /home/weixin/.vim/bundle/vim-tmux-navigator/plugin/tmux_navigator.vim
407.192  110.250  110.250: sourcing /home/weixin/.vim/bundle/vim-isort/plugin/python_vimisort.vim
410.897  000.128  000.128: sourcing /usr/share/vim/vim81/plugin/getscriptPlugin.vim
412.128  000.568  000.568: sourcing /usr/share/vim/vim81/plugin/gzip.vim
413.077  000.302  000.302: sourcing /usr/share/vim/vim81/plugin/logiPat.vim
413.732  000.048  000.048: sourcing /usr/share/vim/vim81/plugin/manpager.vim
414.460  000.239  000.239: sourcing /usr/share/vim/vim81/plugin/matchparen.vim
415.835  000.829  000.829: sourcing /usr/share/vim/vim81/plugin/netrwPlugin.vim
416.429  000.061  000.061: sourcing /usr/share/vim/vim81/plugin/rrhelper.vim
416.960  000.047  000.047: sourcing /usr/share/vim/vim81/plugin/spellfile.vim
417.700  000.228  000.228: sourcing /usr/share/vim/vim81/plugin/tarPlugin.vim
418.428  000.158  000.158: sourcing /usr/share/vim/vim81/plugin/tohtml.vim
419.181  000.236  000.236: sourcing /usr/share/vim/vim81/plugin/vimballPlugin.vim
419.989  000.279  000.279: sourcing /usr/share/vim/vim81/plugin/zipPlugin.vim
420.076  141.866: loading plugins
420.297  000.221: loading packages
424.123  000.223  000.223: sourcing /home/weixin/.vim/bundle/ultisnips/after/plugin/UltiSnips_after.vim
426.865  000.119  000.119: sourcing /home/weixin/.vim/bundle/vim-signature/after/plugin/signature.vim
426.951  006.312: loading after plugins
426.971  000.020: inits 3
428.057  001.086: reading viminfo
1370.659  943.602: setup clipboard
1370.691  000.032: setting raw mode
1370.716  000.025: start termcap
1370.755  000.039: clearing screen
1379.504  000.834  000.834: sourcing /usr/share/vim/vim81/syntax/python.vim
1382.344  000.334  000.334: sourcing /home/weixin/.vim/bundle/rainbow_parentheses.vim/autoload/rainbow_parentheses.vim
1392.858  000.211  000.211: sourcing /home/weixin/.vim/bundle/ale/autoload/ale/events.vim
1393.467  002.834  002.623: sourcing /home/weixin/.vim/bundle/ale/plugin/ale.vim
1395.408  000.185  000.185: sourcing /home/weixin/.vim/bundle/python-syntax/syntax/python.vim
1402.436  000.657  000.657: sourcing /home/weixin/.vim/bundle/vim-isort/ftplugin/python_vimisort.vim
1405.584  001.758  001.758: sourcing /usr/share/vim/vim81/ftplugin/python.vim
1408.761  000.429  000.429: sourcing /home/weixin/.vim/bundle/vim-python-pep8-indent/indent/python.vim
1409.572  000.041  000.041: sourcing /usr/share/vim/vim81/indent/python.vim
1415.569  000.598  000.598: sourcing /home/weixin/.vim/bundle/vim-isort/ftplugin/python_vimisort.vim
1416.313  000.033  000.033: sourcing /usr/share/vim/vim81/ftplugin/python.vim
1418.985  000.429  000.429: sourcing /home/weixin/.vim/bundle/vim-python-pep8-indent/indent/python.vim
1419.436  000.032  000.032: sourcing /usr/share/vim/vim81/indent/python.vim
1430.253  000.270  000.270: sourcing /home/weixin/.vim/bundle/ale/autoload/ale.vim
1432.072  000.432  000.432: sourcing /home/weixin/.vim/bundle/ale/autoload/ale/util.vim
1433.632  000.429  000.429: sourcing /home/weixin/.vim/bundle/ale/autoload/ale/linter.vim
1438.175  000.665  000.665: sourcing /home/weixin/.vim/bundle/ale/ale_linters/python/flake8.vim
1439.497  000.504  000.504: sourcing /home/weixin/.vim/bundle/ale/ale_linters/python/mypy.vim
1440.773  000.457  000.457: sourcing /home/weixin/.vim/bundle/ale/ale_linters/python/prospector.vim
1441.996  000.485  000.485: sourcing /home/weixin/.vim/bundle/ale/ale_linters/python/pycodestyle.vim
1444.148  000.508  000.508: sourcing /home/weixin/.vim/bundle/ale/ale_linters/python/pyflakes.vim
1445.407  000.475  000.475: sourcing /home/weixin/.vim/bundle/ale/ale_linters/python/pylint.vim
1446.543  000.453  000.453: sourcing /home/weixin/.vim/bundle/ale/ale_linters/python/pyls.vim
1447.984  000.473  000.473: sourcing /home/weixin/.vim/bundle/ale/ale_linters/python/pyre.vim
1449.213  000.460  000.460: sourcing /home/weixin/.vim/bundle/ale/ale_linters/python/vulture.vim
1452.984  000.962  000.962: sourcing /home/weixin/.vim/bundle/ale/autoload/ale/engine.vim
1454.781  000.306  000.306: sourcing /home/weixin/.vim/bundle/ale/autoload/ale/python.vim
1456.468  000.559  000.559: sourcing /home/weixin/.vim/bundle/ale/autoload/ale/path.vim
1462.989  000.212  000.212: sourcing /home/weixin/.vim/bundle/ale/autoload/ale/history.vim
1464.734  000.719  000.719: sourcing /home/weixin/.vim/bundle/ale/autoload/ale/sign.vim
1466.612  000.409  000.409: sourcing /home/weixin/.vim/bundle/ale/autoload/ale/list.vim
1468.271  000.658  000.658: sourcing /home/weixin/.vim/bundle/ale/autoload/ale/highlight.vim
1469.652  000.333  000.333: sourcing /home/weixin/.vim/bundle/ale/autoload/ale/cursor.vim
1469.947  081.259: opening buffers
1472.506  000.516  000.516: sourcing /home/weixin/.vim/bundle/vim-signature/autoload/signature/sign.vim
1475.003  000.595  000.595: sourcing /home/weixin/.vim/bundle/vim-signature/autoload/signature/mark.vim
1482.757  001.818  001.818: sourcing /home/weixin/.vim/bundle/LeaderF/autoload/lfMru.vim
1487.626  014.750: BufEnter autocommands
1487.631  000.005: editing files in windows
1491.522  001.627  001.627: sourcing /home/weixin/.vim/bundle/YouCompleteMe/autoload/youcompleteme.vim
1667.401  178.143: VimEnter autocommands
1667.410  000.009: before starting main loop
1670.407  000.222  000.222: sourcing /home/weixin/.vim/bundle/ale/autoload/ale/statusline.vim
1671.200  003.568: first screen update
1671.202  000.002: --- VIM STARTED ---
